<?xml version="1.0" encoding="UTF-8"?>
<!-- Generated by org.testng.reporters.JUnitXMLReporter -->
<testsuite hostname="GillesZannou" name="Test" tests="3" failures="0" timestamp="10 Dec 2019 05:46:07 GMT" time="0.37" errors="0">
  <testcase name="@BeforeClass setUp" time="0.0" classname="com.InetBanking.TestCases.TC_AddCustomerTest_001">
    <failure type="org.testng.TestNGException" message="
Parameter &amp;apos;browserType&amp;apos; is required by @Configuration on method setUp but has not been marked @Optional or defined
in C:\Users\Gilles Z\Desktop\Selenium\SeleniumScripts\InetBankingV1\extent-config.xml">
      <![CDATA[org.testng.TestNGException: 
Parameter 'browserType' is required by @Configuration on method setUp but has not been marked @Optional or defined
in C:\Users\Gilles Z\Desktop\Selenium\SeleniumScripts\InetBankingV1\extent-config.xml
... Removed 21 stack frames]]>
    </failure>
  </testcase> <!-- @BeforeClass setUp -->
  <testcase name="@AfterClass tearDown" time="0.0" classname="com.InetBanking.TestCases.TC_AddCustomerTest_001">
    <skipped/>
  </testcase> <!-- @AfterClass tearDown -->
  <testcase name="@BeforeClass setUp" time="0.0" classname="com.InetBanking.TestCases.TC_LoginTest_001">
    <skipped/>
  </testcase> <!-- @BeforeClass setUp -->
  <testcase name="@AfterClass tearDown" time="0.0" classname="com.InetBanking.TestCases.TC_LoginTest_001">
    <skipped/>
  </testcase> <!-- @AfterClass tearDown -->
  <testcase name="@BeforeClass setUp" time="0.0" classname="com.InetBanking.TestCases.TC_LoginDDT_002">
    <skipped/>
  </testcase> <!-- @BeforeClass setUp -->
  <testcase name="@AfterClass tearDown" time="0.0" classname="com.InetBanking.TestCases.TC_LoginDDT_002">
    <skipped/>
  </testcase> <!-- @AfterClass tearDown -->
  <testcase name="addNewCustomer" time="0.032" classname="com.InetBanking.TestCases.TC_AddCustomerTest_001">
    <skipped/>
  </testcase> <!-- addNewCustomer -->
  <testcase name="loginTest" time="0.006" classname="com.InetBanking.TestCases.TC_LoginTest_001">
    <skipped/>
  </testcase> <!-- loginTest -->
  <testcase name="loginDDT" time="0.0" classname="com.InetBanking.TestCases.TC_LoginDDT_002">
    <skipped/>
  </testcase> <!-- loginDDT -->
</testsuite> <!-- Test -->
